a:\programer\音乐\albert_c\vs-cpp\taobaoofver\taobaoofver\debug\vc142.pdb
a:\programer\音乐\albert_c\vs-cpp\taobaoofver\taobaoofver\debug\vc142.idb
a:\programer\音乐\albert_c\vs-cpp\taobaoofver\taobaoofver\debug\test.obj
a:\programer\音乐\albert_c\vs-cpp\taobaoofver\taobaoofver\debug\userscontroler.obj
a:\programer\音乐\albert_c\vs-cpp\taobaoofver\taobaoofver\debug\user.obj
a:\programer\音乐\albert_c\vs-cpp\taobaoofver\taobaoofver\debug\server.obj
a:\programer\音乐\albert_c\vs-cpp\taobaoofver\taobaoofver\debug\sellerscontroler.obj
a:\programer\音乐\albert_c\vs-cpp\taobaoofver\taobaoofver\debug\seller.obj
a:\programer\音乐\albert_c\vs-cpp\taobaoofver\taobaoofver\debug\object.obj
a:\programer\音乐\albert_c\vs-cpp\taobaoofver\taobaoofver\debug\goodscontroler.obj
a:\programer\音乐\albert_c\vs-cpp\taobaoofver\taobaoofver\debug\good.obj
a:\programer\音乐\albert_c\vs-cpp\taobaoofver\taobaoofver\debug\controler.obj
a:\programer\音乐\albert_c\vs-cpp\taobaoofver\taobaoofver\debug\consumerscontroler.obj
a:\programer\音乐\albert_c\vs-cpp\taobaoofver\taobaoofver\debug\consumer.obj
a:\programer\音乐\albert_c\vs-cpp\taobaoofver\taobaoofver\debug\client.obj
a:\programer\音乐\albert_c\vs-cpp\taobaoofver\debug\taobaoofver.ilk
a:\programer\音乐\albert_c\vs-cpp\taobaoofver\debug\taobaoofver.exe
a:\programer\音乐\albert_c\vs-cpp\taobaoofver\debug\taobaoofver.pdb
a:\programer\音乐\albert_c\vs-cpp\taobaoofver\taobaoofver\debug\taobaoofver.tlog\cl.command.1.tlog
a:\programer\音乐\albert_c\vs-cpp\taobaoofver\taobaoofver\debug\taobaoofver.tlog\cl.read.1.tlog
a:\programer\音乐\albert_c\vs-cpp\taobaoofver\taobaoofver\debug\taobaoofver.tlog\cl.write.1.tlog
a:\programer\音乐\albert_c\vs-cpp\taobaoofver\taobaoofver\debug\taobaoofver.tlog\link.command.1.tlog
a:\programer\音乐\albert_c\vs-cpp\taobaoofver\taobaoofver\debug\taobaoofver.tlog\link.read.1.tlog
a:\programer\音乐\albert_c\vs-cpp\taobaoofver\taobaoofver\debug\taobaoofver.tlog\link.write.1.tlog
