  Client.cpp
A:\Programer\音乐\Albert_C\VS-Cpp\TaoBaoOfVer\TaoBaoOfVer\Client.cpp(111,14): warning C4244: “=”: 从“__int64”转换到“CMD”，可能丢失数据
A:\Programer\音乐\Albert_C\VS-Cpp\TaoBaoOfVer\TaoBaoOfVer\Client.cpp(166,20): warning C4244: “=”: 从“__int64”转换到“int”，可能丢失数据
A:\Programer\音乐\Albert_C\VS-Cpp\TaoBaoOfVer\TaoBaoOfVer\Client.cpp(226,18): warning C4244: “=”: 从“__int64”转换到“unsigned long”，可能丢失数据
A:\Programer\音乐\Albert_C\VS-Cpp\TaoBaoOfVer\TaoBaoOfVer\Client.cpp(227,18): warning C4244: “=”: 从“__int64”转换到“int”，可能丢失数据
A:\Programer\音乐\Albert_C\VS-Cpp\TaoBaoOfVer\TaoBaoOfVer\Client.cpp(448,20): warning C4244: “=”: 从“__int64”转换到“int”，可能丢失数据
A:\Programer\音乐\Albert_C\VS-Cpp\TaoBaoOfVer\TaoBaoOfVer\Client.cpp(479,16): warning C4244: “=”: 从“__int64”转换到“int”，可能丢失数据
A:\Programer\音乐\Albert_C\VS-Cpp\TaoBaoOfVer\TaoBaoOfVer\Client.cpp(542,13): warning C4244: “=”: 从“__int64”转换到“int”，可能丢失数据
A:\Programer\音乐\Albert_C\VS-Cpp\TaoBaoOfVer\TaoBaoOfVer\Client.cpp(585,18): warning C4244: “=”: 从“__int64”转换到“unsigned long”，可能丢失数据
A:\Programer\音乐\Albert_C\VS-Cpp\TaoBaoOfVer\TaoBaoOfVer\Client.cpp(721,39): warning C4553: “==”: 未使用表达式结果；是否打算使用“=”?
A:\Programer\音乐\Albert_C\VS-Cpp\TaoBaoOfVer\TaoBaoOfVer\Client.cpp(730,18): warning C4244: “=”: 从“__int64”转换到“unsigned long”，可能丢失数据
  Consumer.cpp
  ConsumersControler.cpp
  Dialog.cpp
A:\Programer\音乐\Albert_C\VS-Cpp\TaoBaoOfVer\TaoBaoOfVer\Dialog.cpp(51,12): warning C4244: “=”: 从“__int64”转换到“CMD”，可能丢失数据
A:\Programer\音乐\Albert_C\VS-Cpp\TaoBaoOfVer\TaoBaoOfVer\Dialog.cpp(103,20): warning C4244: “=”: 从“__int64”转换到“ClientType”，可能丢失数据
A:\Programer\音乐\Albert_C\VS-Cpp\TaoBaoOfVer\TaoBaoOfVer\Dialog.cpp(125,9): warning C4002: 类函数宏的调用“recvV”参数过多
A:\Programer\音乐\Albert_C\VS-Cpp\TaoBaoOfVer\TaoBaoOfVer\Dialog.cpp(153,18): warning C4244: “=”: 从“__int64”转换到“ClientType”，可能丢失数据
A:\Programer\音乐\Albert_C\VS-Cpp\TaoBaoOfVer\TaoBaoOfVer\Dialog.cpp(154,16): warning C4244: “=”: 从“__int64”转换到“unsigned long”，可能丢失数据
A:\Programer\音乐\Albert_C\VS-Cpp\TaoBaoOfVer\TaoBaoOfVer\Dialog.cpp(255,22): warning C4244: “=”: 从“__int64”转换到“unsigned long”，可能丢失数据
A:\Programer\音乐\Albert_C\VS-Cpp\TaoBaoOfVer\TaoBaoOfVer\Dialog.cpp(305,19): warning C4244: “=”: 从“__int64”转换到“unsigned int”，可能丢失数据
A:\Programer\音乐\Albert_C\VS-Cpp\TaoBaoOfVer\TaoBaoOfVer\Dialog.cpp(307,62): warning C4244: “参数”: 从“unsigned __int64”转换到“unsigned int”，可能丢失数据
A:\Programer\音乐\Albert_C\VS-Cpp\TaoBaoOfVer\TaoBaoOfVer\Dialog.cpp(364,15): warning C4244: “=”: 从“__int64”转换到“int”，可能丢失数据
A:\Programer\音乐\Albert_C\VS-Cpp\TaoBaoOfVer\TaoBaoOfVer\Dialog.cpp(367,18): warning C4244: “=”: 从“__int64”转换到“unsigned long”，可能丢失数据
A:\Programer\音乐\Albert_C\VS-Cpp\TaoBaoOfVer\TaoBaoOfVer\Dialog.cpp(411,16): warning C4244: “=”: 从“__int64”转换到“int”，可能丢失数据
A:\Programer\音乐\Albert_C\VS-Cpp\TaoBaoOfVer\TaoBaoOfVer\Dialog.cpp(412,21): warning C4805: “==”: 在操作中将类型“int”与类型“bool”混合不安全
  Main1.cpp
  Seller.cpp
  SellersControler.cpp
  Server.cpp
  User.cpp
  正在生成代码...
  TaoBaoOfVer.vcxproj -> A:\Programer\音乐\Albert_C\VS-Cpp\TaoBaoOfVer\Debug\TaoBaoOfVer.exe
